# JRE version: OpenJDK Runtime Environment Temurin-17.0.8+7 (17.0.8+7) (build 17.0.8+7)
# Java VM: OpenJDK 64-Bit Server VM Temurin-17.0.8+7 (17.0.8+7, mixed mode, sharing, tiered, compressed oops, compressed class ptrs, g1 gc, windows-amd64)
GC Precious Log:
 CPUs: 8 total, 8 available
 Memory: 8033M
 Large Page Support: Disabled
 NUMA Support: Disabled
 Compressed Oops: Enabled (32-bit)
 Heap Region Size: 1M
 Heap Min Capacity: 8M
 Heap Initial Capacity: 126M
 Heap Max Capacity: 2010M
 Pre-touch: Disabled
 Parallel Workers: 8
 Concurrent Workers: 2
 Concurrent Refinement Workers: 8
 Periodic GC: Disabled
Heap:
 garbage-first heap   total 194560K, used 16206K [0x0000000082600000, 0x0000000100000000)
  region size 1024K, 15 young (15360K), 5 survivors (5120K)
 Metaspace       used 10467K, committed 10688K, reserved 1114112K
  class space    used 947K, committed 1088K, reserved 1048576K
GC Heap History (10 events):
Event: 1.545 GC heap before
{Heap before GC invocations=0 (full 0):
 garbage-first heap   total 129024K, used 24576K [0x0000000082600000, 0x0000000100000000)
  region size 1024K, 23 young (23552K), 0 survivors (0K)
 Metaspace       used 7191K, committed 7424K, reserved 1114112K
  class space    used 594K, committed 704K, reserved 1048576K
}
Event: 1.567 GC heap after
{Heap after GC invocations=1 (full 0):
 garbage-first heap   total 129024K, used 3499K [0x0000000082600000, 0x0000000100000000)
  region size 1024K, 3 young (3072K), 3 survivors (3072K)
 Metaspace       used 7191K, committed 7424K, reserved 1114112K
  class space    used 594K, committed 704K, reserved 1048576K
}
Event: 5.694 GC heap before
{Heap before GC invocations=1 (full 0):
 garbage-first heap   total 129024K, used 55723K [0x0000000082600000, 0x0000000100000000)
  region size 1024K, 17 young (17408K), 3 survivors (3072K)
 Metaspace       used 8492K, committed 8640K, reserved 1114112K
  class space    used 713K, committed 768K, reserved 1048576K
}
Event: 5.701 GC heap after
{Heap after GC invocations=2 (full 0):
 garbage-first heap   total 129024K, used 22544K [0x0000000082600000, 0x0000000100000000)
  region size 1024K, 2 young (2048K), 2 survivors (2048K)
 Metaspace       used 8492K, committed 8640K, reserved 1114112K
  class space    used 713K, committed 768K, reserved 1048576K
}
Event: 6.160 GC heap before
{Heap before GC invocations=2 (full 0):
 garbage-first heap   total 129024K, used 56336K [0x0000000082600000, 0x0000000100000000)
  region size 1024K, 3 young (3072K), 2 survivors (2048K)
 Metaspace       used 8506K, committed 8640K, reserved 1114112K
  class space    used 713K, committed 768K, reserved 1048576K
}
Event: 6.161 GC heap after
{Heap after GC invocations=3 (full 0):
 garbage-first heap   total 129024K, used 38900K [0x0000000082600000, 0x0000000100000000)
  region size 1024K, 2 young (2048K), 2 survivors (2048K)
 Metaspace       used 8506K, committed 8640K, reserved 1114112K
  class space    used 713K, committed 768K, reserved 1048576K
}
Event: 6.481 GC heap before
{Heap before GC invocations=3 (full 0):
 garbage-first heap   total 194560K, used 105460K [0x0000000082600000, 0x0000000100000000)
  region size 1024K, 3 young (3072K), 2 survivors (2048K)
 Metaspace       used 8513K, committed 8640K, reserved 1114112K
  class space    used 713K, committed 768K, reserved 1048576K
}
Event: 6.482 GC heap after
{Heap after GC invocations=4 (full 0):
 garbage-first heap   total 194560K, used 71711K [0x0000000082600000, 0x0000000100000000)
  region size 1024K, 2 young (2048K), 2 survivors (2048K)
 Metaspace       used 8513K, committed 8640K, reserved 1114112K
  class space    used 713K, committed 768K, reserved 1048576K
}
Event: 21.313 GC heap before
{Heap before GC invocations=4 (full 0):
 garbage-first heap   total 194560K, used 177183K [0x0000000082600000, 0x0000000100000000)
  region size 1024K, 61 young (62464K), 2 survivors (2048K)
 Metaspace       used 10448K, committed 10688K, reserved 1114112K
  class space    used 946K, committed 1088K, reserved 1048576K
}
Event: 21.317 GC heap after
{Heap after GC invocations=5 (full 0):
 garbage-first heap   total 194560K, used 8014K [0x0000000082600000, 0x0000000100000000)
  region size 1024K, 5 young (5120K), 5 survivors (5120K)
 Metaspace       used 10448K, committed 10688K, reserved 1114112K
  class space    used 946K, committed 1088K, reserved 1048576K
}

