# JRE version: OpenJDK Runtime Environment Temurin-17.0.8+7 (17.0.8+7) (build 17.0.8+7)
# Java VM: OpenJDK 64-Bit Server VM Temurin-17.0.8+7 (17.0.8+7, mixed mode, sharing, tiered, compressed oops, compressed class ptrs, g1 gc, windows-amd64)
GC Precious Log:
 CPUs: 8 total, 8 available
 Memory: 8033M
 Large Page Support: Disabled
 NUMA Support: Disabled
 Compressed Oops: Enabled (32-bit)
 Heap Region Size: 1M
 Heap Min Capacity: 8M
 Heap Initial Capacity: 126M
 Heap Max Capacity: 2010M
 Pre-touch: Disabled
 Parallel Workers: 8
 Concurrent Workers: 2
 Concurrent Refinement Workers: 8
 Periodic GC: Disabled
Heap:
 garbage-first heap   total 194560K, used 142353K [0x0000000082600000, 0x0000000100000000)
  region size 1024K, 26 young (26624K), 2 survivors (2048K)
 Metaspace       used 10415K, committed 10560K, reserved 1114112K
  class space    used 943K, committed 1024K, reserved 1048576K
GC Heap History (8 events):
Event: 1.514 GC heap before
{Heap before GC invocations=0 (full 0):
 garbage-first heap   total 129024K, used 24576K [0x0000000082600000, 0x0000000100000000)
  region size 1024K, 23 young (23552K), 0 survivors (0K)
 Metaspace       used 7193K, committed 7424K, reserved 1114112K
  class space    used 593K, committed 704K, reserved 1048576K
}
Event: 1.519 GC heap after
{Heap after GC invocations=1 (full 0):
 garbage-first heap   total 129024K, used 3520K [0x0000000082600000, 0x0000000100000000)
  region size 1024K, 3 young (3072K), 3 survivors (3072K)
 Metaspace       used 7193K, committed 7424K, reserved 1114112K
  class space    used 593K, committed 704K, reserved 1048576K
}
Event: 7.349 GC heap before
{Heap before GC invocations=1 (full 0):
 garbage-first heap   total 129024K, used 55744K [0x0000000082600000, 0x0000000100000000)
  region size 1024K, 17 young (17408K), 3 survivors (3072K)
 Metaspace       used 8523K, committed 8704K, reserved 1114112K
  class space    used 713K, committed 768K, reserved 1048576K
}
Event: 7.357 GC heap after
{Heap after GC invocations=2 (full 0):
 garbage-first heap   total 129024K, used 22660K [0x0000000082600000, 0x0000000100000000)
  region size 1024K, 2 young (2048K), 2 survivors (2048K)
 Metaspace       used 8523K, committed 8704K, reserved 1114112K
  class space    used 713K, committed 768K, reserved 1048576K
}
Event: 7.824 GC heap before
{Heap before GC invocations=2 (full 0):
 garbage-first heap   total 129024K, used 56452K [0x0000000082600000, 0x0000000100000000)
  region size 1024K, 3 young (3072K), 2 survivors (2048K)
 Metaspace       used 8537K, committed 8704K, reserved 1114112K
  class space    used 713K, committed 768K, reserved 1048576K
}
Event: 7.825 GC heap after
{Heap after GC invocations=3 (full 0):
 garbage-first heap   total 129024K, used 38930K [0x0000000082600000, 0x0000000100000000)
  region size 1024K, 2 young (2048K), 2 survivors (2048K)
 Metaspace       used 8537K, committed 8704K, reserved 1114112K
  class space    used 713K, committed 768K, reserved 1048576K
}
Event: 8.218 GC heap before
{Heap before GC invocations=3 (full 0):
 garbage-first heap   total 194560K, used 105490K [0x0000000082600000, 0x0000000100000000)
  region size 1024K, 3 young (3072K), 2 survivors (2048K)
 Metaspace       used 8541K, committed 8704K, reserved 1114112K
  class space    used 713K, committed 768K, reserved 1048576K
}
Event: 8.220 GC heap after
{Heap after GC invocations=4 (full 0):
 garbage-first heap   total 194560K, used 71697K [0x0000000082600000, 0x0000000100000000)
  region size 1024K, 2 young (2048K), 2 survivors (2048K)
 Metaspace       used 8541K, committed 8704K, reserved 1114112K
  class space    used 713K, committed 768K, reserved 1048576K
}

